TN:
SF:server/app.ts
FNF:0
FNH:0
DA:1,4
DA:2,4
DA:3,4
DA:5,4
DA:6,4
DA:7,4
DA:8,4
DA:9,4
DA:10,4
DA:11,4
DA:12,4
DA:13,4
DA:14,4
DA:15,4
DA:17,4
DA:19,4
DA:20,4
DA:21,4
DA:22,4
DA:23,4
DA:25,4
DA:26,4
DA:27,4
DA:28,4
DA:29,4
DA:30,4
DA:31,4
DA:33,4
DA:34,4
DA:36,4
LF:30
LH:30
BRF:0
BRH:0
end_of_record
TN:
SF:server/controllers/categories/createCategory.ts
FN:6,createCategory
FNF:1
FNH:1
FNDA:1,createCategory
DA:3,4
DA:4,4
DA:6,4
DA:11,1
DA:12,1
DA:13,1
DA:14,0
DA:15,0
DA:17,1
DA:18,1
LF:10
LH:8
BRDA:13,0,0,0
BRF:1
BRH:0
end_of_record
TN:
SF:server/controllers/categories/deleteCategory.ts
FN:6,deleteCategory
FNF:1
FNH:1
FNDA:1,deleteCategory
DA:3,4
DA:4,4
DA:6,4
DA:11,1
DA:12,1
DA:13,1
DA:14,0
DA:19,0
DA:21,1
LF:9
LH:7
BRDA:13,0,0,0
BRF:1
BRH:0
end_of_record
TN:
SF:server/controllers/categories/getAllCategories.ts
FN:6,getAllCategories
FNF:1
FNH:1
FNDA:1,getAllCategories
DA:3,4
DA:4,4
DA:6,4
DA:11,1
DA:12,1
DA:13,0
DA:14,0
DA:16,1
DA:17,0
DA:18,0
DA:20,1
LF:11
LH:7
BRDA:12,0,0,0
BRDA:16,1,0,0
BRF:2
BRH:0
end_of_record
TN:
SF:server/controllers/categories/getSingleCategory.ts
FN:6,getSingleCategory
FNF:1
FNH:1
FNDA:1,getSingleCategory
DA:3,4
DA:4,4
DA:6,4
DA:11,1
DA:12,1
DA:13,1
DA:14,0
DA:15,0
DA:17,1
LF:9
LH:7
BRDA:13,0,0,0
BRF:1
BRH:0
end_of_record
TN:
SF:server/controllers/categories/index.ts
FNF:0
FNH:0
DA:1,4
DA:2,4
DA:3,4
DA:4,4
DA:5,4
DA:7,4
LF:6
LH:6
BRF:0
BRH:0
end_of_record
TN:
SF:server/controllers/categories/updateCategory.ts
FN:6,updateCategory
FNF:1
FNH:1
FNDA:1,updateCategory
DA:3,4
DA:4,4
DA:6,4
DA:11,1
DA:12,1
DA:13,1
DA:14,0
DA:15,0
DA:17,1
DA:18,1
DA:21,1
DA:22,0
DA:23,0
DA:25,1
DA:29,1
LF:15
LH:11
BRDA:13,0,0,0
BRDA:21,1,0,0
BRF:2
BRH:0
end_of_record
TN:
SF:server/controllers/checkout/createOrder.ts
FN:7,createOrder
FNF:1
FNH:0
FNDA:0,createOrder
DA:3,4
DA:5,4
DA:7,4
DA:8,0
DA:9,0
DA:10,0
DA:11,0
DA:12,0
DA:14,0
LF:9
LH:3
BRDA:10,0,0,0
BRF:1
BRH:0
end_of_record
TN:
SF:server/controllers/orderItems/getAllOrderItems.ts
FN:6,(anonymous_8)
FN:10,(anonymous_9)
FNF:2
FNH:0
FNDA:0,(anonymous_8)
FNDA:0,(anonymous_9)
DA:3,4
DA:4,4
DA:6,4
DA:10,0
DA:11,0
DA:12,0
DA:13,0
DA:14,0
DA:16,0
LF:9
LH:3
BRDA:12,0,0,0
BRF:1
BRH:0
end_of_record
TN:
SF:server/controllers/orders/addOrder.ts
FN:6,(anonymous_8)
FN:10,(anonymous_9)
FNF:2
FNH:0
FNDA:0,(anonymous_8)
FNDA:0,(anonymous_9)
DA:3,4
DA:4,4
DA:6,4
DA:10,0
DA:11,0
DA:12,0
DA:14,0
DA:15,0
DA:16,0
DA:18,0
LF:10
LH:3
BRDA:14,0,0,0
BRF:1
BRH:0
end_of_record
TN:
SF:server/controllers/orders/deleteOrder.ts
FN:6,(anonymous_8)
FN:10,(anonymous_9)
FNF:2
FNH:0
FNDA:0,(anonymous_8)
FNDA:0,(anonymous_9)
DA:3,4
DA:4,4
DA:6,4
DA:10,0
DA:11,0
DA:12,0
DA:14,0
DA:15,0
DA:16,0
DA:19,0
LF:10
LH:3
BRDA:14,0,0,0
BRF:1
BRH:0
end_of_record
TN:
SF:server/controllers/orders/getAllOrders.ts
FN:6,(anonymous_8)
FN:10,(anonymous_9)
FNF:2
FNH:0
FNDA:0,(anonymous_8)
FNDA:0,(anonymous_9)
DA:3,4
DA:4,4
DA:6,4
DA:10,0
DA:11,0
DA:12,0
DA:13,0
DA:14,0
DA:16,0
LF:9
LH:3
BRDA:12,0,0,0
BRF:1
BRH:0
end_of_record
TN:
SF:server/controllers/orders/getSingleOrder.ts
FN:6,(anonymous_8)
FN:10,(anonymous_9)
FNF:2
FNH:0
FNDA:0,(anonymous_8)
FNDA:0,(anonymous_9)
DA:3,4
DA:4,4
DA:6,4
DA:10,0
DA:11,0
DA:12,0
DA:14,0
DA:15,0
DA:16,0
DA:18,0
LF:10
LH:3
BRDA:14,0,0,0
BRF:1
BRH:0
end_of_record
TN:
SF:server/controllers/orders/updateOrder.ts
FN:6,(anonymous_8)
FN:10,(anonymous_9)
FNF:2
FNH:0
FNDA:0,(anonymous_8)
FNDA:0,(anonymous_9)
DA:3,4
DA:4,4
DA:6,4
DA:10,0
DA:11,0
DA:12,0
DA:14,0
DA:16,0
DA:17,0
DA:18,0
DA:20,0
LF:11
LH:3
BRDA:16,0,0,0
BRF:1
BRH:0
end_of_record
TN:
SF:server/controllers/payments/addPayment.ts
FN:6,(anonymous_8)
FN:10,(anonymous_9)
FNF:2
FNH:2
FNDA:1,(anonymous_8)
FNDA:1,(anonymous_9)
DA:3,4
DA:4,4
DA:6,4
DA:10,1
DA:11,1
DA:12,1
DA:13,1
DA:14,0
DA:15,0
DA:17,1
LF:10
LH:8
BRDA:13,0,0,0
BRF:1
BRH:0
end_of_record
TN:
SF:server/controllers/payments/getAllPayments.ts
FN:6,(anonymous_8)
FN:10,(anonymous_9)
FNF:2
FNH:0
FNDA:0,(anonymous_8)
FNDA:0,(anonymous_9)
DA:3,4
DA:4,4
DA:6,4
DA:10,0
DA:11,0
DA:12,0
DA:13,0
DA:14,0
DA:16,0
LF:9
LH:3
BRDA:12,0,0,0
BRF:1
BRH:0
end_of_record
TN:
SF:server/controllers/payments/getPayment.ts
FN:6,(anonymous_8)
FN:10,(anonymous_9)
FNF:2
FNH:0
FNDA:0,(anonymous_8)
FNDA:0,(anonymous_9)
DA:3,4
DA:4,4
DA:6,4
DA:10,0
DA:11,0
DA:12,0
DA:13,0
DA:14,0
DA:15,0
DA:17,0
LF:10
LH:3
BRDA:13,0,0,0
BRF:1
BRH:0
end_of_record
TN:
SF:server/controllers/payments/index.ts
FNF:0
FNH:0
DA:1,4
DA:2,4
DA:3,4
DA:4,4
DA:6,4
LF:5
LH:5
BRF:0
BRH:0
end_of_record
TN:
SF:server/controllers/payments/removePayment.ts
FN:6,(anonymous_8)
FN:10,(anonymous_9)
FNF:2
FNH:0
FNDA:0,(anonymous_8)
FNDA:0,(anonymous_9)
DA:3,4
DA:4,4
DA:6,4
DA:10,0
DA:11,0
DA:12,0
DA:13,0
DA:14,0
DA:15,0
DA:17,0
LF:10
LH:3
BRDA:13,0,0,0
BRF:1
BRH:0
end_of_record
TN:
SF:server/controllers/products/addProduct.ts
FN:6,(anonymous_8)
FN:10,(anonymous_9)
FNF:2
FNH:2
FNDA:1,(anonymous_8)
FNDA:1,(anonymous_9)
DA:3,4
DA:4,4
DA:6,4
DA:10,1
DA:11,1
DA:12,1
DA:13,1
DA:14,0
DA:15,0
DA:17,1
LF:10
LH:8
BRDA:13,0,0,0
BRF:1
BRH:0
end_of_record
TN:
SF:server/controllers/products/deleteProduct.ts
FN:6,(anonymous_8)
FN:10,(anonymous_9)
FNF:2
FNH:2
FNDA:1,(anonymous_8)
FNDA:1,(anonymous_9)
DA:3,4
DA:4,4
DA:6,4
DA:10,1
DA:11,1
DA:12,1
DA:13,1
DA:14,0
DA:15,0
DA:17,1
LF:10
LH:8
BRDA:13,0,0,0
BRF:1
BRH:0
end_of_record
TN:
SF:server/controllers/products/getAllProducts.ts
FN:7,(anonymous_8)
FN:11,(anonymous_9)
FNF:2
FNH:2
FNDA:1,(anonymous_8)
FNDA:1,(anonymous_9)
DA:4,4
DA:5,4
DA:7,4
DA:11,1
DA:12,1
DA:13,1
DA:15,1
DA:19,1
DA:21,0
LF:9
LH:8
BRDA:15,0,0,0
BRDA:15,0,1,1
BRDA:15,1,0,1
BRDA:15,1,1,1
BRF:4
BRH:3
end_of_record
TN:
SF:server/controllers/products/getProduct.ts
FN:6,(anonymous_8)
FN:6,(anonymous_9)
FNF:2
FNH:2
FNDA:1,(anonymous_8)
FNDA:1,(anonymous_9)
DA:3,4
DA:4,4
DA:6,4
DA:7,1
DA:8,1
DA:9,1
DA:10,0
DA:11,0
DA:13,1
LF:9
LH:7
BRDA:9,0,0,0
BRF:1
BRH:0
end_of_record
TN:
SF:server/controllers/products/index.ts
FNF:0
FNH:0
DA:1,4
DA:2,4
DA:3,4
DA:4,4
DA:5,4
DA:7,4
LF:6
LH:6
BRF:0
BRH:0
end_of_record
TN:
SF:server/controllers/products/updateProduct.ts
FN:6,(anonymous_8)
FN:10,(anonymous_9)
FNF:2
FNH:2
FNDA:1,(anonymous_8)
FNDA:1,(anonymous_9)
DA:3,4
DA:4,4
DA:6,4
DA:10,1
DA:11,1
DA:12,1
DA:13,1
DA:14,1
DA:15,0
DA:16,0
DA:18,1
LF:11
LH:9
BRDA:14,0,0,0
BRF:1
BRH:0
end_of_record
TN:
SF:server/controllers/users/deleteUser.ts
FN:6,deleteUser
FNF:1
FNH:1
FNDA:1,deleteUser
DA:3,4
DA:4,4
DA:6,4
DA:7,1
DA:8,1
DA:9,1
DA:10,0
DA:11,0
DA:13,1
DA:14,1
LF:10
LH:8
BRDA:9,0,0,0
BRF:1
BRH:0
end_of_record
TN:
SF:server/controllers/users/getAllusers.ts
FN:6,getAllUsers
FNF:1
FNH:1
FNDA:1,getAllUsers
DA:3,4
DA:4,4
DA:6,4
DA:11,1
DA:12,1
DA:13,1
DA:14,0
DA:15,0
DA:17,1
DA:18,0
DA:19,0
DA:21,1
DA:23,0
LF:13
LH:8
BRDA:13,0,0,0
BRDA:17,1,0,0
BRF:2
BRH:0
end_of_record
TN:
SF:server/controllers/users/getSingleUser.ts
FN:6,getSingleUser
FNF:1
FNH:1
FNDA:1,getSingleUser
DA:3,4
DA:4,4
DA:6,4
DA:11,1
DA:12,1
DA:13,1
DA:14,1
DA:15,0
DA:16,0
DA:18,1
DA:24,0
LF:11
LH:8
BRDA:14,0,0,0
BRF:1
BRH:0
end_of_record
TN:
SF:server/controllers/users/googleLogIn.ts
FN:6,googleLogIn
FNF:1
FNH:0
FNDA:0,googleLogIn
DA:3,4
DA:4,4
DA:6,4
DA:11,0
DA:12,0
DA:13,0
DA:14,0
DA:15,0
DA:17,0
LF:9
LH:3
BRDA:13,0,0,0
BRF:1
BRH:0
end_of_record
TN:
SF:server/controllers/users/index.ts
FNF:0
FNH:0
DA:1,4
DA:2,4
DA:3,4
DA:4,4
DA:5,4
DA:6,4
DA:7,4
DA:9,4
LF:8
LH:8
BRF:0
BRH:0
end_of_record
TN:
SF:server/controllers/users/logIn.ts
FN:5,logIn
FNF:1
FNH:1
FNDA:17,logIn
DA:2,4
DA:3,4
DA:5,4
DA:6,17
DA:7,17
DA:8,17
DA:9,4
DA:10,4
DA:12,13
LF:9
LH:9
BRDA:8,0,0,4
BRF:1
BRH:1
end_of_record
TN:
SF:server/controllers/users/signUp.ts
FN:5,signUp
FNF:1
FNH:1
FNDA:18,signUp
DA:2,4
DA:3,4
DA:5,4
DA:6,18
DA:7,18
DA:8,18
DA:9,0
DA:10,0
DA:12,18
DA:14,0
LF:10
LH:7
BRDA:8,0,0,0
BRF:1
BRH:0
end_of_record
TN:
SF:server/controllers/users/updateUser.ts
FN:6,updateUser
FNF:1
FNH:1
FNDA:1,updateUser
DA:3,4
DA:4,4
DA:6,4
DA:11,1
DA:12,1
DA:13,1
DA:14,1
DA:15,0
DA:16,0
DA:18,1
LF:10
LH:8
BRDA:14,0,0,0
BRF:1
BRH:0
end_of_record
TN:
SF:server/middlewares/apiErrorHandler.ts
FN:5,(anonymous_0)
FNF:1
FNH:1
FNDA:5,(anonymous_0)
DA:2,4
DA:3,4
DA:5,4
DA:11,5
DA:12,5
DA:13,4
DA:14,4
DA:16,1
DA:17,1
LF:9
LH:9
BRDA:12,0,0,4
BRDA:17,1,0,1
BRF:2
BRH:2
end_of_record
TN:
SF:server/middlewares/authWithGoogle.ts
FN:6,(anonymous_8)
FN:11,(anonymous_9)
FNF:2
FNH:1
FNDA:4,(anonymous_8)
FNDA:0,(anonymous_9)
DA:1,4
DA:3,4
DA:4,4
DA:6,4
DA:7,4
DA:12,0
DA:13,0
DA:14,0
DA:15,0
DA:16,0
DA:20,0
DA:21,0
DA:23,0
DA:25,0
LF:14
LH:5
BRDA:15,0,0,0
BRF:1
BRH:0
end_of_record
TN:
SF:server/middlewares/checkAuth.ts
FN:6,checkAuth
FNF:1
FNH:1
FNDA:11,checkAuth
DA:1,4
DA:4,4
DA:6,4
DA:11,11
DA:13,11
DA:14,0
DA:15,0
DA:16,0
DA:19,11
DA:21,11
DA:22,0
DA:23,0
DA:24,0
DA:27,11
DA:29,11
DA:30,0
DA:31,0
DA:33,11
DA:37,10
DA:38,10
LF:20
LH:12
BRDA:13,0,0,0
BRDA:21,1,0,0
BRDA:21,2,0,11
BRDA:21,2,1,11
BRDA:29,3,0,0
BRF:5
BRH:2
end_of_record
TN:
SF:server/middlewares/checkPermissions.ts
FN:6,checkPermission
FN:7,(anonymous_1)
FN:9,(anonymous_2)
FNF:3
FNH:3
FNDA:48,checkPermission
FNDA:9,(anonymous_1)
FNDA:9,(anonymous_2)
DA:4,4
DA:6,4
DA:7,48
DA:8,9
DA:9,9
DA:10,9
DA:11,0
DA:12,0
DA:14,9
LF:9
LH:7
BRDA:9,0,0,9
BRDA:9,0,1,9
BRDA:10,1,0,0
BRF:3
BRH:2
end_of_record
TN:
SF:server/middlewares/checkRoles.ts
FN:6,checkRoles
FN:7,(anonymous_1)
FNF:2
FNH:2
FNDA:48,checkRoles
FNDA:9,(anonymous_1)
DA:4,4
DA:6,4
DA:7,48
DA:8,9
DA:9,9
DA:10,9
DA:11,0
DA:12,0
DA:14,9
LF:9
LH:7
BRDA:9,0,0,9
BRDA:9,0,1,9
BRDA:10,1,0,0
BRF:3
BRH:2
end_of_record
TN:
SF:server/middlewares/controlWrapper.ts
FN:3,(anonymous_7)
FN:4,(anonymous_8)
FN:4,(anonymous_9)
FNF:3
FNH:3
FNDA:20,(anonymous_7)
FNDA:5,(anonymous_8)
FNDA:5,(anonymous_9)
DA:3,4
DA:4,20
DA:5,5
DA:6,5
DA:8,0
LF:5
LH:4
BRF:0
BRH:0
end_of_record
TN:
SF:server/middlewares/emailChecker.ts
FN:4,emailChecker
FNF:1
FNH:1
FNDA:19,emailChecker
DA:2,4
DA:4,4
DA:5,19
DA:7,19
DA:9,19
DA:10,0
DA:13,19
DA:15,0
LF:8
LH:6
BRDA:9,0,0,0
BRF:1
BRH:0
end_of_record
TN:
SF:server/middlewares/logging.ts
FN:12,(anonymous_0)
FN:20,(anonymous_1)
FN:63,(anonymous_2)
FNF:3
FNH:3
FNDA:52,(anonymous_0)
FNDA:52,(anonymous_1)
FNDA:51,(anonymous_2)
DA:3,4
DA:4,4
DA:12,4
DA:18,52
DA:19,52
DA:20,52
DA:21,52
DA:23,25
DA:24,25
DA:26,21
DA:27,21
DA:29,0
DA:30,0
DA:32,0
DA:33,0
DA:35,0
DA:36,0
DA:38,2
DA:39,2
DA:41,4
DA:43,52
DA:50,52
DA:51,52
DA:52,312
DA:56,52
DA:57,1
DA:59,51
DA:63,4
DA:68,51
LF:29
LH:23
BRDA:19,0,0,52
BRDA:21,1,0,25
BRDA:21,1,1,21
BRDA:21,1,2,0
BRDA:21,1,3,0
BRDA:21,1,4,0
BRDA:21,1,5,2
BRDA:21,1,6,4
BRDA:52,2,0,312
BRDA:52,2,1,102
BRDA:56,3,0,1
BRDA:56,3,1,51
BRF:12
BRH:9
end_of_record
TN:
SF:server/middlewares/routeNotFound.ts
FN:4,routeNotFound
FNF:1
FNH:0
FNDA:0,routeNotFound
DA:2,4
DA:4,4
DA:5,0
DA:6,0
DA:7,0
LF:5
LH:2
BRDA:7,0,0,0
BRF:1
BRH:0
end_of_record
TN:
SF:server/middlewares/validate.ts
FN:4,validate
FN:5,(anonymous_8)
FN:5,(anonymous_9)
FNF:3
FNH:3
FNDA:36,validate
FNDA:6,(anonymous_8)
FNDA:6,(anonymous_9)
DA:4,4
DA:5,36
DA:6,6
DA:7,6
DA:12,6
DA:14,0
LF:6
LH:5
BRF:0
BRH:0
end_of_record
TN:
SF:server/middlewares/errors/ApiError.ts
FN:2,(anonymous_0)
FN:6,(anonymous_1)
FN:9,(anonymous_2)
FN:12,(anonymous_3)
FN:15,(anonymous_4)
FNF:5
FNH:2
FNDA:4,(anonymous_0)
FNDA:0,(anonymous_1)
FNDA:0,(anonymous_2)
FNDA:0,(anonymous_3)
FNDA:4,(anonymous_4)
DA:1,4
DA:2,4
DA:3,4
DA:4,4
DA:7,0
DA:10,0
DA:13,0
DA:16,4
LF:8
LH:5
BRF:0
BRH:0
end_of_record
TN:
SF:server/models/CategoryModel.ts
FNF:0
FNH:0
DA:1,8
DA:3,8
DA:5,8
DA:21,8
LF:4
LH:4
BRF:0
BRH:0
end_of_record
TN:
SF:server/models/OrderItemModel.ts
FNF:0
FNH:0
DA:1,6
DA:3,6
DA:5,6
DA:22,6
LF:4
LH:4
BRF:0
BRH:0
end_of_record
TN:
SF:server/models/OrderModel.ts
FNF:0
FNH:0
DA:1,6
DA:3,6
DA:5,6
DA:35,6
LF:4
LH:4
BRF:0
BRH:0
end_of_record
TN:
SF:server/models/PaymentModel.ts
FNF:0
FNH:0
DA:1,5
DA:3,5
DA:5,5
DA:34,5
LF:4
LH:4
BRF:0
BRH:0
end_of_record
TN:
SF:server/models/ProductModel.ts
FNF:0
FNH:0
DA:1,7
DA:3,7
DA:33,7
LF:3
LH:3
BRF:0
BRH:0
end_of_record
TN:
SF:server/models/RoleModel.ts
FNF:0
FNH:0
DA:1,7
DA:3,7
DA:5,7
DA:24,7
LF:4
LH:4
BRF:0
BRH:0
end_of_record
TN:
SF:server/models/ShipmentModel.ts
FNF:0
FNH:0
DA:1,5
DA:3,5
DA:5,5
DA:42,5
LF:4
LH:4
BRF:0
BRH:0
end_of_record
TN:
SF:server/models/UserModel.ts
FNF:0
FNH:0
DA:1,7
DA:3,7
DA:5,7
DA:38,7
LF:4
LH:4
BRF:0
BRH:0
end_of_record
TN:
SF:server/routes/categoriesRouter.ts
FNF:0
FNH:0
DA:1,4
DA:3,4
DA:4,4
DA:5,4
DA:6,4
DA:7,4
DA:8,4
DA:9,4
DA:11,4
DA:13,4
DA:14,4
DA:15,4
DA:23,4
DA:31,4
DA:39,4
LF:15
LH:15
BRF:0
BRH:0
end_of_record
TN:
SF:server/routes/checkoutRouter.ts
FNF:0
FNH:0
DA:1,4
DA:3,4
DA:4,4
DA:5,4
DA:6,4
DA:8,4
DA:10,4
DA:18,4
LF:8
LH:8
BRF:0
BRH:0
end_of_record
TN:
SF:server/routes/orderItemsRouter.ts
FNF:0
FNH:0
DA:1,4
DA:3,4
DA:5,4
DA:7,4
DA:9,4
LF:5
LH:5
BRF:0
BRH:0
end_of_record
TN:
SF:server/routes/ordersRouter.ts
FNF:0
FNH:0
DA:1,4
DA:2,4
DA:3,4
DA:4,4
DA:5,4
DA:6,4
DA:7,4
DA:8,4
DA:9,4
DA:10,4
DA:11,4
DA:12,4
DA:14,4
DA:16,4
DA:23,4
DA:28,4
DA:34,4
DA:40,4
DA:46,4
LF:19
LH:19
BRF:0
BRH:0
end_of_record
TN:
SF:server/routes/paymentsRouter.ts
FNF:0
FNH:0
DA:1,4
DA:3,4
DA:4,4
DA:5,4
DA:6,4
DA:7,4
DA:8,4
DA:9,4
DA:11,4
DA:13,4
DA:20,4
DA:27,4
DA:35,4
DA:37,4
LF:14
LH:14
BRF:0
BRH:0
end_of_record
TN:
SF:server/routes/productsRouter.ts
FNF:0
FNH:0
DA:1,4
DA:3,4
DA:4,4
DA:5,4
DA:6,4
DA:7,4
DA:8,4
DA:9,4
DA:10,4
DA:12,4
DA:13,4
DA:14,4
DA:15,4
DA:23,4
DA:30,4
DA:39,4
LF:16
LH:16
BRF:0
BRH:0
end_of_record
TN:
SF:server/routes/usersRouter.ts
FNF:0
FNH:0
DA:1,4
DA:3,4
DA:4,4
DA:5,4
DA:6,4
DA:7,4
DA:8,4
DA:9,4
DA:10,4
DA:11,4
DA:13,4
DA:15,4
DA:19,4
DA:24,4
DA:33,4
DA:40,4
DA:41,4
DA:42,4
DA:48,4
LF:19
LH:19
BRF:0
BRH:0
end_of_record
TN:
SF:server/schemas/categorySchema.ts
FNF:0
FNH:0
DA:1,4
DA:3,4
DA:16,4
LF:3
LH:3
BRF:0
BRH:0
end_of_record
TN:
SF:server/schemas/orderSchema.ts
FN:5,(anonymous_1)
FN:14,(anonymous_2)
FN:19,(anonymous_3)
FNF:3
FNH:0
FNDA:0,(anonymous_1)
FNDA:0,(anonymous_2)
FNDA:0,(anonymous_3)
DA:1,4
DA:2,4
DA:4,4
DA:5,0
DA:9,4
DA:13,4
DA:14,0
DA:19,0
DA:25,4
LF:9
LH:6
BRF:0
BRH:0
end_of_record
TN:
SF:server/schemas/paymentSchema.ts
FN:7,(anonymous_1)
FNF:1
FNH:1
FNDA:1,(anonymous_1)
DA:1,4
DA:2,4
DA:3,4
DA:5,4
DA:7,1
DA:24,4
LF:6
LH:6
BRF:0
BRH:0
end_of_record
TN:
SF:server/schemas/productSchema.ts
FN:17,(anonymous_1)
FNF:1
FNH:1
FNDA:1,(anonymous_1)
DA:1,4
DA:2,4
DA:4,4
DA:17,1
DA:29,4
DA:43,4
LF:6
LH:6
BRF:0
BRH:0
end_of_record
TN:
SF:server/schemas/shipmentSchema.ts
FN:26,(anonymous_1)
FNF:1
FNH:0
FNDA:0,(anonymous_1)
DA:1,4
DA:2,4
DA:4,4
DA:18,4
DA:22,4
DA:26,0
DA:38,4
LF:7
LH:6
BRF:0
BRH:0
end_of_record
TN:
SF:server/schemas/userSchema.ts
FN:23,(anonymous_1)
FN:34,(anonymous_2)
FNF:2
FNH:0
FNDA:0,(anonymous_1)
FNDA:0,(anonymous_2)
DA:1,4
DA:2,4
DA:4,4
DA:23,0
DA:30,4
DA:34,0
DA:38,4
DA:42,4
LF:8
LH:6
BRF:0
BRH:0
end_of_record
TN:
SF:server/services/categoriesService.ts
FN:8,getAll
FN:12,getSingle
FN:17,getSingleByName
FN:21,createCategory
FN:26,updateCategory
FN:34,deleteCategory
FNF:6
FNH:6
FNDA:2,getAll
FNDA:3,getSingle
FNDA:3,getSingleByName
FNDA:2,createCategory
FNDA:3,updateCategory
FNDA:2,deleteCategory
DA:1,5
DA:2,5
DA:9,2
DA:13,3
DA:14,3
DA:18,3
DA:22,2
DA:23,2
DA:30,3
DA:31,3
DA:35,2
DA:36,2
DA:39,5
LF:13
LH:13
BRF:0
BRH:0
end_of_record
TN:
SF:server/services/ordersService.ts
FN:9,(anonymous_8)
FN:9,(anonymous_9)
FN:17,(anonymous_10)
FN:17,(anonymous_11)
FN:24,(anonymous_12)
FN:24,(anonymous_13)
FN:33,(anonymous_14)
FN:33,(anonymous_15)
FN:38,(anonymous_16)
FN:38,(anonymous_17)
FN:42,(anonymous_18)
FN:48,(anonymous_19)
FN:57,(anonymous_20)
FN:69,(anonymous_21)
FN:69,(anonymous_22)
FN:74,(anonymous_23)
FN:74,(anonymous_24)
FNF:17
FNH:9
FNDA:0,(anonymous_8)
FNDA:0,(anonymous_9)
FNDA:1,(anonymous_10)
FNDA:1,(anonymous_11)
FNDA:1,(anonymous_12)
FNDA:1,(anonymous_13)
FNDA:0,(anonymous_14)
FNDA:0,(anonymous_15)
FNDA:9,(anonymous_16)
FNDA:9,(anonymous_17)
FNDA:12,(anonymous_18)
FNDA:12,(anonymous_19)
FNDA:12,(anonymous_20)
FNDA:0,(anonymous_21)
FNDA:0,(anonymous_22)
FNDA:0,(anonymous_23)
FNDA:0,(anonymous_24)
DA:1,6
DA:3,6
DA:4,6
DA:5,6
DA:6,6
DA:9,6
DA:10,0
DA:17,6
DA:18,1
DA:24,6
DA:25,1
DA:26,1
DA:33,6
DA:34,0
DA:35,0
DA:38,9
DA:39,9
DA:40,9
DA:41,9
DA:42,12
DA:44,9
DA:45,0
DA:47,9
DA:49,12
DA:52,9
DA:53,9
DA:55,9
DA:56,9
DA:58,12
DA:63,12
DA:66,9
DA:69,6
DA:70,0
DA:71,0
DA:74,6
DA:75,0
DA:76,0
DA:79,6
LF:38
LH:30
BRDA:44,0,0,0
BRDA:44,1,0,9
BRDA:44,1,1,9
BRDA:49,2,0,12
BRDA:49,2,1,0
BRDA:49,3,0,0
BRDA:49,3,1,12
BRDA:49,4,0,12
BRDA:49,4,1,12
BRF:9
BRH:6
end_of_record
TN:
SF:server/services/paymentsService.ts
FN:10,(anonymous_8)
FN:10,(anonymous_9)
FN:42,(anonymous_10)
FN:42,(anonymous_11)
FN:46,(anonymous_12)
FN:46,(anonymous_13)
FN:51,(anonymous_14)
FN:51,(anonymous_15)
FNF:8
FNH:8
FNDA:5,(anonymous_8)
FNDA:5,(anonymous_9)
FNDA:1,(anonymous_10)
FNDA:1,(anonymous_11)
FNDA:1,(anonymous_12)
FNDA:1,(anonymous_13)
FNDA:2,(anonymous_14)
FNDA:2,(anonymous_15)
DA:1,5
DA:5,5
DA:6,5
DA:8,5
DA:10,5
DA:12,5
DA:13,5
DA:14,5
DA:15,0
DA:17,5
DA:18,5
DA:21,5
DA:22,5
DA:29,5
DA:33,5
DA:34,5
DA:39,0
DA:42,5
DA:43,1
DA:46,5
DA:47,1
DA:51,5
DA:52,2
DA:57,5
LF:24
LH:22
BRDA:14,0,0,0
BRDA:21,1,0,5
BRF:2
BRH:1
end_of_record
TN:
SF:server/services/productsService.ts
FN:12,(anonymous_9)
FN:12,(anonymous_10)
FN:23,(anonymous_11)
FN:23,(anonymous_12)
FN:29,(anonymous_13)
FN:29,(anonymous_14)
FN:33,(anonymous_15)
FN:36,(anonymous_16)
FN:47,(anonymous_17)
FN:47,(anonymous_18)
FN:53,(anonymous_19)
FN:53,(anonymous_20)
FNF:12
FNH:12
FNDA:2,(anonymous_9)
FNDA:2,(anonymous_10)
FNDA:4,(anonymous_11)
FNDA:4,(anonymous_12)
FNDA:3,(anonymous_13)
FNDA:3,(anonymous_14)
FNDA:2,(anonymous_15)
FNDA:2,(anonymous_16)
FNDA:2,(anonymous_17)
FNDA:2,(anonymous_18)
FNDA:4,(anonymous_19)
FNDA:4,(anonymous_20)
DA:1,5
DA:2,5
DA:3,5
DA:12,5
DA:13,2
DA:16,2
DA:17,0
DA:19,2
DA:20,2
DA:23,5
DA:24,4
DA:29,5
DA:30,3
DA:33,5
DA:36,2
DA:37,2
DA:44,2
DA:47,5
DA:48,2
DA:50,2
DA:53,5
DA:54,4
DA:55,4
DA:56,4
DA:57,4
DA:60,4
DA:63,4
DA:65,0
DA:66,0
DA:68,0
DA:69,0
DA:71,2
DA:72,2
DA:74,2
DA:75,2
DA:78,4
DA:82,4
DA:85,5
LF:38
LH:33
BRDA:16,0,0,0
BRDA:57,1,0,2
BRDA:57,1,1,2
BRDA:60,2,0,4
BRDA:60,2,1,2
BRDA:63,3,0,0
BRDA:63,3,1,0
BRDA:63,3,2,2
BRDA:63,3,3,2
BRF:9
BRH:6
end_of_record
TN:
SF:server/services/shipmentsService.ts
FN:6,findAll
FN:13,getOne
FN:21,createShipment
FN:29,updateShipment
FN:38,deleteShipment
FNF:5
FNH:1
FNDA:0,findAll
FNDA:0,getOne
FNDA:5,createShipment
FNDA:0,updateShipment
FNDA:0,deleteShipment
DA:1,5
DA:3,5
DA:7,0
DA:10,0
DA:14,0
DA:15,0
DA:18,0
DA:22,5
DA:25,5
DA:26,5
DA:30,0
DA:35,0
DA:39,0
DA:40,0
DA:43,5
LF:15
LH:6
BRF:0
BRH:0
end_of_record
TN:
SF:server/services/usersService.ts
FN:8,findAll
FN:15,getSingleUser
FN:22,updateUser
FN:31,deleteUser
FN:36,signUp
FN:43,logIn
FN:72,googleLogin
FNF:7
FNH:6
FNDA:2,findAll
FNDA:7,getSingleUser
FNDA:2,updateUser
FNDA:2,deleteUser
FNDA:28,signUp
FNDA:17,logIn
FNDA:0,googleLogin
DA:1,7
DA:2,7
DA:3,7
DA:4,7
DA:5,7
DA:9,2
DA:12,2
DA:16,7
DA:17,7
DA:19,7
DA:23,2
DA:24,2
DA:25,2
DA:28,2
DA:32,2
DA:33,2
DA:37,28
DA:38,28
DA:39,28
DA:40,28
DA:44,17
DA:45,17
DA:46,0
DA:48,17
DA:49,17
DA:50,0
DA:52,17
DA:53,17
DA:54,4
DA:56,13
DA:65,13
DA:68,13
DA:69,13
DA:73,0
DA:74,0
DA:75,0
DA:79,0
DA:82,0
DA:84,0
DA:87,7
LF:40
LH:32
BRDA:23,0,0,0
BRDA:23,0,1,2
BRDA:45,1,0,0
BRDA:45,2,0,17
BRDA:45,2,1,17
BRDA:49,3,0,0
BRDA:53,4,0,4
BRDA:74,5,0,0
BRDA:74,6,0,0
BRDA:74,6,1,0
BRF:10
BRH:4
end_of_record
TN:
SF:server/test/db-helper.ts
FN:4,connect
FN:11,(anonymous_10)
FN:11,(anonymous_11)
FN:17,(anonymous_12)
FN:17,(anonymous_13)
FNF:5
FNH:5
FNDA:9,connect
FNDA:9,(anonymous_10)
FNDA:9,(anonymous_11)
FNDA:46,(anonymous_12)
FNDA:46,(anonymous_13)
DA:1,9
DA:2,9
DA:5,9
DA:6,9
DA:8,9
DA:10,9
DA:11,9
DA:12,9
DA:13,9
DA:15,9
DA:17,46
DA:18,46
DA:20,46
DA:21,223
DA:22,223
DA:28,9
LF:16
LH:16
BRF:0
BRH:0
end_of_record
TN:
SF:server/test/auth/authenticateUser.ts
FN:5,authenticateUser
FNF:1
FNH:1
FNDA:17,authenticateUser
DA:1,4
DA:2,4
DA:3,4
DA:5,4
DA:6,17
DA:11,17
DA:13,17
DA:20,17
DA:21,17
DA:25,17
DA:26,17
LF:11
LH:11
BRF:0
BRH:0
end_of_record
TN:
SF:server/utils/role.ts
FNF:0
FNH:0
DA:1,4
LF:1
LH:1
BRF:0
BRH:0
end_of_record
