TN:
SF:server/app.ts
FNF:0
FNH:0
DA:1,4
DA:2,4
DA:4,4
DA:5,4
DA:6,4
DA:7,4
DA:8,4
DA:9,4
DA:10,4
DA:11,4
DA:12,4
DA:13,4
DA:14,4
DA:16,4
DA:17,4
DA:18,4
DA:19,4
DA:20,4
DA:22,4
DA:23,4
DA:24,4
DA:25,4
DA:26,4
DA:27,4
DA:28,4
DA:30,4
DA:31,4
DA:33,4
LF:28
LH:28
BRF:0
BRH:0
end_of_record
TN:
SF:server/controllers/categories/createCategory.ts
FN:6,createCategory
FNF:1
FNH:1
FNDA:1,createCategory
DA:3,4
DA:4,4
DA:6,4
DA:11,1
DA:12,1
DA:13,1
DA:14,0
DA:15,0
DA:17,1
DA:18,1
LF:10
LH:8
BRDA:13,0,0,0
BRF:1
BRH:0
end_of_record
TN:
SF:server/controllers/categories/deleteCategory.ts
FN:6,deleteCategory
FNF:1
FNH:1
FNDA:1,deleteCategory
DA:3,4
DA:4,4
DA:6,4
DA:11,1
DA:12,1
DA:13,1
DA:14,0
DA:19,0
DA:21,1
LF:9
LH:7
BRDA:13,0,0,0
BRF:1
BRH:0
end_of_record
TN:
SF:server/controllers/categories/getAllCategories.ts
FN:6,getAllCategories
FNF:1
FNH:1
FNDA:1,getAllCategories
DA:3,4
DA:4,4
DA:6,4
DA:11,1
DA:12,1
DA:13,0
DA:14,0
DA:16,1
DA:17,0
DA:18,0
DA:20,1
LF:11
LH:7
BRDA:12,0,0,0
BRDA:16,1,0,0
BRF:2
BRH:0
end_of_record
TN:
SF:server/controllers/categories/getSingleCategory.ts
FN:6,getSingleCategory
FNF:1
FNH:1
FNDA:1,getSingleCategory
DA:3,4
DA:4,4
DA:6,4
DA:11,1
DA:12,1
DA:13,1
DA:14,0
DA:15,0
DA:17,1
LF:9
LH:7
BRDA:13,0,0,0
BRF:1
BRH:0
end_of_record
TN:
SF:server/controllers/categories/index.ts
FNF:0
FNH:0
DA:1,4
DA:2,4
DA:3,4
DA:4,4
DA:5,4
DA:7,4
LF:6
LH:6
BRF:0
BRH:0
end_of_record
TN:
SF:server/controllers/categories/updateCategory.ts
FN:6,updateCategory
FNF:1
FNH:1
FNDA:1,updateCategory
DA:3,4
DA:4,4
DA:6,4
DA:11,1
DA:12,1
DA:13,1
DA:14,0
DA:15,0
DA:17,1
DA:18,1
DA:21,1
DA:22,0
DA:23,0
DA:25,1
DA:29,1
LF:15
LH:11
BRDA:13,0,0,0
BRDA:21,1,0,0
BRF:2
BRH:0
end_of_record
TN:
SF:server/controllers/checkout/createOrder.ts
FN:7,createOrder
FNF:1
FNH:0
FNDA:0,createOrder
DA:3,4
DA:5,4
DA:7,4
DA:8,0
DA:9,0
DA:10,0
DA:11,0
DA:12,0
DA:14,0
LF:9
LH:3
BRDA:10,0,0,0
BRF:1
BRH:0
end_of_record
TN:
SF:server/controllers/orderItems/getAllOrderItems.ts
FN:6,(anonymous_8)
FN:10,(anonymous_9)
FNF:2
FNH:0
FNDA:0,(anonymous_8)
FNDA:0,(anonymous_9)
DA:3,4
DA:4,4
DA:6,4
DA:10,0
DA:11,0
DA:12,0
DA:13,0
DA:14,0
DA:16,0
LF:9
LH:3
BRDA:12,0,0,0
BRF:1
BRH:0
end_of_record
TN:
SF:server/controllers/orders/addOrder.ts
FN:6,(anonymous_8)
FN:10,(anonymous_9)
FNF:2
FNH:0
FNDA:0,(anonymous_8)
FNDA:0,(anonymous_9)
DA:3,4
DA:4,4
DA:6,4
DA:10,0
DA:11,0
DA:12,0
DA:14,0
DA:15,0
DA:16,0
DA:18,0
LF:10
LH:3
BRDA:14,0,0,0
BRF:1
BRH:0
end_of_record
TN:
SF:server/controllers/orders/deleteOrder.ts
FN:6,(anonymous_8)
FN:10,(anonymous_9)
FNF:2
FNH:0
FNDA:0,(anonymous_8)
FNDA:0,(anonymous_9)
DA:3,4
DA:4,4
DA:6,4
DA:10,0
DA:11,0
DA:12,0
DA:14,0
DA:15,0
DA:16,0
DA:19,0
LF:10
LH:3
BRDA:14,0,0,0
BRF:1
BRH:0
end_of_record
TN:
SF:server/controllers/orders/getAllOrders.ts
FN:6,(anonymous_8)
FN:10,(anonymous_9)
FNF:2
FNH:0
FNDA:0,(anonymous_8)
FNDA:0,(anonymous_9)
DA:3,4
DA:4,4
DA:6,4
DA:10,0
DA:11,0
DA:12,0
DA:13,0
DA:14,0
DA:16,0
LF:9
LH:3
BRDA:12,0,0,0
BRF:1
BRH:0
end_of_record
TN:
SF:server/controllers/orders/getSingleOrder.ts
FN:6,(anonymous_8)
FN:10,(anonymous_9)
FNF:2
FNH:0
FNDA:0,(anonymous_8)
FNDA:0,(anonymous_9)
DA:3,4
DA:4,4
DA:6,4
DA:10,0
DA:11,0
DA:12,0
DA:14,0
DA:15,0
DA:16,0
DA:18,0
LF:10
LH:3
BRDA:14,0,0,0
BRF:1
BRH:0
end_of_record
TN:
SF:server/controllers/orders/updateOrder.ts
FN:6,(anonymous_8)
FN:10,(anonymous_9)
FNF:2
FNH:0
FNDA:0,(anonymous_8)
FNDA:0,(anonymous_9)
DA:3,4
DA:4,4
DA:6,4
DA:10,0
DA:11,0
DA:12,0
DA:14,0
DA:16,0
DA:17,0
DA:18,0
DA:20,0
LF:11
LH:3
BRDA:16,0,0,0
BRF:1
BRH:0
end_of_record
TN:
SF:server/controllers/payments/addPayment.ts
FN:6,(anonymous_8)
FN:10,(anonymous_9)
FNF:2
FNH:2
FNDA:2,(anonymous_8)
FNDA:2,(anonymous_9)
DA:3,4
DA:4,4
DA:6,4
DA:10,2
DA:11,2
DA:12,2
DA:13,2
DA:14,0
DA:15,0
DA:17,2
LF:10
LH:8
BRDA:13,0,0,0
BRDA:13,1,0,2
BRDA:13,1,1,2
BRF:3
BRH:2
end_of_record
TN:
SF:server/controllers/payments/getAllPayments.ts
FN:6,(anonymous_8)
FN:10,(anonymous_9)
FNF:2
FNH:0
FNDA:0,(anonymous_8)
FNDA:0,(anonymous_9)
DA:3,4
DA:4,4
DA:6,4
DA:10,0
DA:11,0
DA:12,0
DA:13,0
DA:14,0
DA:16,0
LF:9
LH:3
BRDA:12,0,0,0
BRF:1
BRH:0
end_of_record
TN:
SF:server/controllers/payments/getPayment.ts
FN:6,(anonymous_8)
FN:10,(anonymous_9)
FNF:2
FNH:0
FNDA:0,(anonymous_8)
FNDA:0,(anonymous_9)
DA:3,4
DA:4,4
DA:6,4
DA:10,0
DA:11,0
DA:12,0
DA:13,0
DA:14,0
DA:15,0
DA:17,0
LF:10
LH:3
BRDA:13,0,0,0
BRF:1
BRH:0
end_of_record
TN:
SF:server/controllers/payments/index.ts
FNF:0
FNH:0
DA:1,4
DA:2,4
DA:3,4
DA:4,4
DA:6,4
LF:5
LH:5
BRF:0
BRH:0
end_of_record
TN:
SF:server/controllers/payments/removePayment.ts
FN:6,(anonymous_8)
FN:10,(anonymous_9)
FNF:2
FNH:0
FNDA:0,(anonymous_8)
FNDA:0,(anonymous_9)
DA:3,4
DA:4,4
DA:6,4
DA:10,0
DA:11,0
DA:12,0
DA:13,0
DA:14,0
DA:15,0
DA:17,0
LF:10
LH:3
BRDA:13,0,0,0
BRF:1
BRH:0
end_of_record
TN:
SF:server/controllers/products/addProduct.ts
FN:6,(anonymous_8)
FN:10,(anonymous_9)
FNF:2
FNH:2
FNDA:1,(anonymous_8)
FNDA:1,(anonymous_9)
DA:3,4
DA:4,4
DA:6,4
DA:10,1
DA:11,1
DA:12,1
DA:13,1
DA:14,0
DA:15,0
DA:17,1
LF:10
LH:8
BRDA:13,0,0,0
BRF:1
BRH:0
end_of_record
TN:
SF:server/controllers/products/deleteProduct.ts
FN:6,(anonymous_8)
FN:10,(anonymous_9)
FNF:2
FNH:2
FNDA:1,(anonymous_8)
FNDA:1,(anonymous_9)
DA:3,4
DA:4,4
DA:6,4
DA:10,1
DA:11,1
DA:12,1
DA:13,1
DA:14,0
DA:15,0
DA:17,1
LF:10
LH:8
BRDA:13,0,0,0
BRF:1
BRH:0
end_of_record
TN:
SF:server/controllers/products/getAllProducts.ts
FN:7,(anonymous_8)
FN:11,(anonymous_9)
FNF:2
FNH:2
FNDA:1,(anonymous_8)
FNDA:1,(anonymous_9)
DA:4,4
DA:7,4
DA:11,1
DA:12,1
DA:14,1
DA:18,1
LF:6
LH:6
BRDA:14,0,0,0
BRDA:14,0,1,1
BRDA:14,1,0,1
BRDA:14,1,1,1
BRF:4
BRH:3
end_of_record
TN:
SF:server/controllers/products/getProduct.ts
FN:6,(anonymous_8)
FN:6,(anonymous_9)
FNF:2
FNH:2
FNDA:1,(anonymous_8)
FNDA:1,(anonymous_9)
DA:3,4
DA:4,4
DA:6,4
DA:7,1
DA:8,1
DA:9,1
DA:10,0
DA:11,0
DA:13,1
LF:9
LH:7
BRDA:9,0,0,0
BRF:1
BRH:0
end_of_record
TN:
SF:server/controllers/products/index.ts
FNF:0
FNH:0
DA:1,4
DA:2,4
DA:3,4
DA:4,4
DA:5,4
DA:7,4
LF:6
LH:6
BRF:0
BRH:0
end_of_record
TN:
SF:server/controllers/products/updateProduct.ts
FN:6,(anonymous_8)
FN:10,(anonymous_9)
FNF:2
FNH:2
FNDA:1,(anonymous_8)
FNDA:1,(anonymous_9)
DA:3,4
DA:4,4
DA:6,4
DA:10,1
DA:11,1
DA:12,1
DA:13,1
DA:14,1
DA:15,0
DA:16,0
DA:18,1
LF:11
LH:9
BRDA:14,0,0,0
BRF:1
BRH:0
end_of_record
TN:
SF:server/controllers/users/createUser.ts
FN:6,createUser
FNF:1
FNH:1
FNDA:1,createUser
DA:3,4
DA:4,4
DA:6,4
DA:7,1
DA:8,1
DA:9,1
DA:11,0
LF:7
LH:6
BRF:0
BRH:0
end_of_record
TN:
SF:server/controllers/users/deleteUser.ts
FN:6,deleteUser
FNF:1
FNH:1
FNDA:1,deleteUser
DA:3,4
DA:4,4
DA:6,4
DA:7,1
DA:8,1
DA:9,1
DA:10,0
DA:11,0
DA:13,1
DA:14,1
LF:10
LH:8
BRDA:9,0,0,0
BRF:1
BRH:0
end_of_record
TN:
SF:server/controllers/users/getAllusers.ts
FN:6,getAllUsers
FNF:1
FNH:1
FNDA:1,getAllUsers
DA:3,4
DA:4,4
DA:6,4
DA:11,1
DA:12,1
DA:13,1
DA:15,0
LF:7
LH:6
BRF:0
BRH:0
end_of_record
TN:
SF:server/controllers/users/getSingleUser.ts
FN:6,getSingleUser
FNF:1
FNH:1
FNDA:1,getSingleUser
DA:3,4
DA:4,4
DA:6,4
DA:11,1
DA:12,1
DA:13,1
DA:14,1
DA:15,0
DA:16,0
DA:18,1
DA:20,0
LF:11
LH:8
BRDA:14,0,0,0
BRF:1
BRH:0
end_of_record
TN:
SF:server/controllers/users/googleLogIn.ts
FN:6,googleLogIn
FNF:1
FNH:0
FNDA:0,googleLogIn
DA:3,4
DA:4,4
DA:6,4
DA:11,0
DA:12,0
DA:13,0
DA:14,0
DA:15,0
DA:17,0
LF:9
LH:3
BRDA:13,0,0,0
BRF:1
BRH:0
end_of_record
TN:
SF:server/controllers/users/index.ts
FNF:0
FNH:0
DA:1,4
DA:2,4
DA:3,4
DA:4,4
DA:5,4
DA:6,4
DA:7,4
DA:8,4
DA:10,4
LF:9
LH:9
BRF:0
BRH:0
end_of_record
TN:
SF:server/controllers/users/logIn.ts
FN:5,logIn
FNF:1
FNH:0
FNDA:0,logIn
DA:2,4
DA:3,4
DA:5,4
DA:6,0
DA:7,0
DA:8,0
DA:9,0
DA:10,0
DA:12,0
LF:9
LH:3
BRDA:8,0,0,0
BRF:1
BRH:0
end_of_record
TN:
SF:server/controllers/users/signUp.ts
FN:5,signUp
FNF:1
FNH:0
FNDA:0,signUp
DA:2,4
DA:3,4
DA:5,4
DA:6,0
DA:7,0
DA:8,0
DA:9,0
DA:10,0
DA:12,0
LF:9
LH:3
BRDA:8,0,0,0
BRF:1
BRH:0
end_of_record
TN:
SF:server/controllers/users/updateUser.ts
FN:6,updateUser
FNF:1
FNH:1
FNDA:1,updateUser
DA:3,4
DA:4,4
DA:6,4
DA:11,1
DA:12,1
DA:13,1
DA:14,1
DA:15,0
DA:16,0
DA:18,1
LF:10
LH:8
BRDA:14,0,0,0
BRF:1
BRH:0
end_of_record
TN:
SF:server/middlewares/apiErrorHandler.ts
FN:5,(anonymous_0)
FNF:1
FNH:0
FNDA:0,(anonymous_0)
DA:2,4
DA:3,4
DA:5,4
DA:11,0
DA:12,0
DA:13,0
DA:14,0
DA:16,0
DA:17,0
LF:9
LH:3
BRDA:12,0,0,0
BRDA:17,1,0,0
BRF:2
BRH:0
end_of_record
TN:
SF:server/middlewares/authWithGoogle.ts
FN:6,(anonymous_8)
FN:11,(anonymous_9)
FNF:2
FNH:1
FNDA:4,(anonymous_8)
FNDA:0,(anonymous_9)
DA:1,4
DA:3,4
DA:4,4
DA:6,4
DA:7,4
DA:12,0
DA:13,0
DA:14,0
DA:15,0
DA:16,0
DA:20,0
DA:21,0
DA:23,0
DA:25,0
LF:14
LH:5
BRDA:15,0,0,0
BRF:1
BRH:0
end_of_record
TN:
SF:server/middlewares/controlWrapper.ts
FN:3,(anonymous_7)
FN:4,(anonymous_8)
FN:4,(anonymous_9)
FNF:3
FNH:3
FNDA:20,(anonymous_7)
FNDA:5,(anonymous_8)
FNDA:5,(anonymous_9)
DA:3,4
DA:4,20
DA:5,5
DA:6,5
DA:8,0
LF:5
LH:4
BRF:0
BRH:0
end_of_record
TN:
SF:server/middlewares/emailChecker.ts
FN:4,emailChecker
FNF:1
FNH:1
FNDA:2,emailChecker
DA:2,4
DA:4,4
DA:5,2
DA:7,2
DA:9,2
DA:10,0
DA:13,2
DA:15,0
LF:8
LH:6
BRDA:9,0,0,0
BRF:1
BRH:0
end_of_record
TN:
SF:server/middlewares/logging.ts
FN:12,(anonymous_0)
FN:20,(anonymous_1)
FN:63,(anonymous_2)
FNF:3
FNH:3
FNDA:17,(anonymous_0)
FNDA:17,(anonymous_1)
FNDA:17,(anonymous_2)
DA:3,4
DA:4,4
DA:12,4
DA:18,17
DA:19,17
DA:20,17
DA:21,17
DA:23,12
DA:24,12
DA:26,5
DA:27,5
DA:29,0
DA:30,0
DA:32,0
DA:33,0
DA:35,0
DA:36,0
DA:38,0
DA:39,0
DA:41,0
DA:43,17
DA:50,17
DA:51,17
DA:52,102
DA:56,17
DA:57,0
DA:59,17
DA:63,4
DA:68,17
LF:29
LH:19
BRDA:19,0,0,17
BRDA:21,1,0,12
BRDA:21,1,1,5
BRDA:21,1,2,0
BRDA:21,1,3,0
BRDA:21,1,4,0
BRDA:21,1,5,0
BRDA:21,1,6,0
BRDA:52,2,0,102
BRDA:52,2,1,29
BRDA:56,3,0,0
BRDA:56,3,1,17
BRF:12
BRH:6
end_of_record
TN:
SF:server/middlewares/routeNotFound.ts
FN:4,routeNotFound
FNF:1
FNH:0
FNDA:0,routeNotFound
DA:2,4
DA:4,4
DA:5,0
DA:6,0
DA:7,0
LF:5
LH:2
BRDA:7,0,0,0
BRF:1
BRH:0
end_of_record
TN:
SF:server/middlewares/validate.ts
FN:4,validate
FN:5,(anonymous_8)
FN:5,(anonymous_9)
FNF:3
FNH:3
FNDA:40,validate
FNDA:8,(anonymous_8)
FNDA:8,(anonymous_9)
DA:4,4
DA:5,40
DA:6,8
DA:7,8
DA:12,8
DA:14,0
LF:6
LH:5
BRF:0
BRH:0
end_of_record
TN:
SF:server/middlewares/errors/ApiError.ts
FN:2,(anonymous_0)
FN:6,(anonymous_1)
FN:9,(anonymous_2)
FN:12,(anonymous_3)
FN:15,(anonymous_4)
FNF:5
FNH:0
FNDA:0,(anonymous_0)
FNDA:0,(anonymous_1)
FNDA:0,(anonymous_2)
FNDA:0,(anonymous_3)
FNDA:0,(anonymous_4)
DA:1,4
DA:2,0
DA:3,0
DA:4,0
DA:7,0
DA:10,0
DA:13,0
DA:16,0
LF:8
LH:1
BRF:0
BRH:0
end_of_record
TN:
SF:server/models/CategoryModel.ts
FNF:0
FNH:0
DA:1,8
DA:3,8
DA:5,8
DA:21,8
LF:4
LH:4
BRF:0
BRH:0
end_of_record
TN:
SF:server/models/OrderItemModel.ts
FNF:0
FNH:0
DA:1,6
DA:3,6
DA:5,6
DA:22,6
LF:4
LH:4
BRF:0
BRH:0
end_of_record
TN:
SF:server/models/OrderModel.ts
FNF:0
FNH:0
DA:1,6
DA:3,6
DA:5,6
DA:35,6
LF:4
LH:4
BRF:0
BRH:0
end_of_record
TN:
SF:server/models/PaymentModel.ts
FNF:0
FNH:0
DA:1,5
DA:3,5
DA:5,5
DA:39,5
LF:4
LH:4
BRF:0
BRH:0
end_of_record
TN:
SF:server/models/ProductModel.ts
FNF:0
FNH:0
DA:1,7
DA:3,7
DA:33,7
LF:3
LH:3
BRF:0
BRH:0
end_of_record
TN:
SF:server/models/RoleModel.ts
FNF:0
FNH:0
DA:1,7
DA:3,7
DA:5,7
DA:24,7
LF:4
LH:4
BRF:0
BRH:0
end_of_record
TN:
SF:server/models/ShipmentModel.ts
FNF:0
FNH:0
DA:1,5
DA:3,5
DA:5,5
DA:38,5
LF:4
LH:4
BRF:0
BRH:0
end_of_record
TN:
SF:server/models/UserModel.ts
FNF:0
FNH:0
DA:1,7
DA:3,7
DA:5,7
DA:29,7
LF:4
LH:4
BRF:0
BRH:0
end_of_record
TN:
SF:server/routes/categoriesRouter.ts
FNF:0
FNH:0
DA:1,4
DA:3,4
DA:4,4
DA:5,4
DA:11,4
DA:13,4
DA:14,4
DA:15,4
DA:16,4
DA:17,4
DA:19,4
LF:11
LH:11
BRF:0
BRH:0
end_of_record
TN:
SF:server/routes/checkoutRouter.ts
FNF:0
FNH:0
DA:1,4
DA:3,4
DA:4,4
DA:5,4
DA:7,4
DA:9,4
DA:12,4
LF:7
LH:7
BRF:0
BRH:0
end_of_record
TN:
SF:server/routes/orderItemsRouter.ts
FNF:0
FNH:0
DA:1,4
DA:3,4
DA:5,4
DA:7,4
DA:9,4
LF:5
LH:5
BRF:0
BRH:0
end_of_record
TN:
SF:server/routes/ordersRouter.ts
FNF:0
FNH:0
DA:1,4
DA:2,4
DA:3,4
DA:4,4
DA:5,4
DA:6,4
DA:7,4
DA:8,4
DA:10,4
DA:12,4
DA:13,4
DA:14,4
DA:15,4
DA:16,4
DA:18,4
LF:15
LH:15
BRF:0
BRH:0
end_of_record
TN:
SF:server/routes/paymentsRouter.ts
FNF:0
FNH:0
DA:1,4
DA:3,4
DA:4,4
DA:5,4
DA:8,4
DA:9,4
DA:10,4
DA:11,4
DA:12,4
DA:14,4
LF:10
LH:10
BRF:0
BRH:0
end_of_record
TN:
SF:server/routes/productsRouter.ts
FNF:0
FNH:0
DA:1,4
DA:3,4
DA:4,4
DA:5,4
DA:6,4
DA:8,4
DA:9,4
DA:10,4
DA:11,4
DA:12,4
DA:13,4
DA:19,4
LF:12
LH:12
BRF:0
BRH:0
end_of_record
TN:
SF:server/routes/usersRouter.ts
FNF:0
FNH:0
DA:1,4
DA:3,4
DA:4,4
DA:5,4
DA:6,4
DA:10,4
DA:12,4
DA:14,4
DA:15,4
DA:16,4
DA:17,4
DA:18,4
DA:19,4
DA:20,4
DA:21,4
DA:27,4
LF:16
LH:16
BRF:0
BRH:0
end_of_record
TN:
SF:server/schemas/categorySchema.ts
FNF:0
FNH:0
DA:1,4
DA:3,4
DA:16,4
LF:3
LH:3
BRF:0
BRH:0
end_of_record
TN:
SF:server/schemas/orderSchema.ts
FN:5,(anonymous_1)
FN:14,(anonymous_2)
FN:19,(anonymous_3)
FNF:3
FNH:0
FNDA:0,(anonymous_1)
FNDA:0,(anonymous_2)
FNDA:0,(anonymous_3)
DA:1,4
DA:2,4
DA:4,4
DA:5,0
DA:9,4
DA:13,4
DA:14,0
DA:19,0
DA:25,4
LF:9
LH:6
BRF:0
BRH:0
end_of_record
TN:
SF:server/schemas/paymentSchema.ts
FN:7,(anonymous_1)
FN:10,(anonymous_2)
FNF:2
FNH:2
FNDA:2,(anonymous_1)
FNDA:2,(anonymous_2)
DA:1,4
DA:2,4
DA:3,4
DA:5,4
DA:7,2
DA:10,2
DA:23,4
LF:7
LH:7
BRF:0
BRH:0
end_of_record
TN:
SF:server/schemas/productSchema.ts
FN:17,(anonymous_1)
FNF:1
FNH:1
FNDA:1,(anonymous_1)
DA:1,4
DA:2,4
DA:4,4
DA:17,1
DA:29,4
DA:43,4
LF:6
LH:6
BRF:0
BRH:0
end_of_record
TN:
SF:server/schemas/shipmentSchema.ts
FN:22,(anonymous_1)
FNF:1
FNH:0
FNDA:0,(anonymous_1)
DA:1,4
DA:2,4
DA:4,4
DA:14,4
DA:18,4
DA:22,0
DA:33,4
LF:7
LH:6
BRF:0
BRH:0
end_of_record
TN:
SF:server/schemas/userSchema.ts
FN:23,(anonymous_1)
FN:31,(anonymous_2)
FNF:2
FNH:0
FNDA:0,(anonymous_1)
FNDA:0,(anonymous_2)
DA:1,4
DA:2,4
DA:4,4
DA:23,0
DA:27,4
DA:31,0
DA:34,4
DA:38,4
LF:8
LH:6
BRF:0
BRH:0
end_of_record
TN:
SF:server/services/categoriesService.ts
FN:8,getAll
FN:12,getSingle
FN:17,getSingleByName
FN:21,createCategory
FN:26,updateCategory
FN:34,deleteCategory
FNF:6
FNH:6
FNDA:2,getAll
FNDA:3,getSingle
FNDA:3,getSingleByName
FNDA:2,createCategory
FNDA:3,updateCategory
FNDA:2,deleteCategory
DA:1,5
DA:2,5
DA:9,2
DA:13,3
DA:14,3
DA:18,3
DA:22,2
DA:23,2
DA:30,3
DA:31,3
DA:35,2
DA:36,2
DA:39,5
LF:13
LH:13
BRF:0
BRH:0
end_of_record
TN:
SF:server/services/ordersService.ts
FN:9,(anonymous_8)
FN:9,(anonymous_9)
FN:13,(anonymous_10)
FN:13,(anonymous_11)
FN:17,(anonymous_12)
FN:17,(anonymous_13)
FN:22,(anonymous_14)
FN:22,(anonymous_15)
FN:27,(anonymous_16)
FN:27,(anonymous_17)
FN:31,(anonymous_18)
FN:37,(anonymous_19)
FN:46,(anonymous_20)
FN:58,(anonymous_21)
FN:58,(anonymous_22)
FN:63,(anonymous_23)
FN:63,(anonymous_24)
FNF:17
FNH:9
FNDA:0,(anonymous_8)
FNDA:0,(anonymous_9)
FNDA:1,(anonymous_10)
FNDA:1,(anonymous_11)
FNDA:1,(anonymous_12)
FNDA:1,(anonymous_13)
FNDA:0,(anonymous_14)
FNDA:0,(anonymous_15)
FNDA:9,(anonymous_16)
FNDA:9,(anonymous_17)
FNDA:12,(anonymous_18)
FNDA:12,(anonymous_19)
FNDA:12,(anonymous_20)
FNDA:0,(anonymous_21)
FNDA:0,(anonymous_22)
FNDA:0,(anonymous_23)
FNDA:0,(anonymous_24)
DA:1,6
DA:3,6
DA:4,6
DA:5,6
DA:6,6
DA:9,6
DA:10,0
DA:13,6
DA:14,1
DA:17,6
DA:18,1
DA:19,1
DA:22,6
DA:23,0
DA:24,0
DA:27,9
DA:28,9
DA:29,9
DA:30,9
DA:31,12
DA:33,9
DA:34,0
DA:36,9
DA:38,12
DA:41,9
DA:42,9
DA:44,9
DA:45,9
DA:47,12
DA:52,12
DA:55,9
DA:58,6
DA:59,0
DA:60,0
DA:63,6
DA:64,0
DA:65,0
DA:68,6
LF:38
LH:30
BRDA:33,0,0,0
BRDA:33,1,0,9
BRDA:33,1,1,9
BRDA:38,2,0,12
BRDA:38,2,1,0
BRDA:38,3,0,0
BRDA:38,3,1,12
BRDA:38,4,0,12
BRDA:38,4,1,12
BRF:9
BRH:6
end_of_record
TN:
SF:server/services/paymentsService.ts
FN:8,(anonymous_8)
FN:8,(anonymous_9)
FN:16,(anonymous_10)
FN:20,(anonymous_11)
FN:20,(anonymous_12)
FN:56,(anonymous_13)
FN:56,(anonymous_14)
FN:60,(anonymous_15)
FN:60,(anonymous_16)
FN:64,(anonymous_17)
FN:64,(anonymous_18)
FNF:11
FNH:11
FNDA:6,(anonymous_8)
FNDA:6,(anonymous_9)
FNDA:6,(anonymous_10)
FNDA:6,(anonymous_11)
FNDA:6,(anonymous_12)
FNDA:1,(anonymous_13)
FNDA:1,(anonymous_14)
FNDA:1,(anonymous_15)
FNDA:1,(anonymous_16)
FNDA:2,(anonymous_17)
FNDA:2,(anonymous_18)
DA:1,5
DA:2,5
DA:3,5
DA:4,5
DA:6,5
DA:8,6
DA:10,6
DA:11,6
DA:12,6
DA:13,0
DA:15,6
DA:16,6
DA:17,6
DA:19,6
DA:20,6
DA:21,6
DA:22,6
DA:26,6
DA:27,6
DA:35,6
DA:39,6
DA:40,6
DA:46,6
DA:53,6
DA:56,5
DA:57,1
DA:60,5
DA:61,1
DA:64,5
DA:65,2
DA:67,5
LF:31
LH:30
BRDA:12,0,0,0
BRDA:26,1,0,6
BRF:2
BRH:1
end_of_record
TN:
SF:server/services/productsService.ts
FN:12,(anonymous_9)
FN:12,(anonymous_10)
FN:23,(anonymous_11)
FN:23,(anonymous_12)
FN:27,(anonymous_13)
FN:27,(anonymous_14)
FN:31,(anonymous_15)
FN:34,(anonymous_16)
FN:45,(anonymous_17)
FN:45,(anonymous_18)
FN:50,(anonymous_19)
FN:50,(anonymous_20)
FNF:12
FNH:12
FNDA:2,(anonymous_9)
FNDA:2,(anonymous_10)
FNDA:4,(anonymous_11)
FNDA:4,(anonymous_12)
FNDA:3,(anonymous_13)
FNDA:3,(anonymous_14)
FNDA:2,(anonymous_15)
FNDA:2,(anonymous_16)
FNDA:2,(anonymous_17)
FNDA:2,(anonymous_18)
FNDA:4,(anonymous_19)
FNDA:4,(anonymous_20)
DA:1,5
DA:2,5
DA:3,5
DA:12,5
DA:13,2
DA:16,2
DA:17,0
DA:19,2
DA:20,2
DA:23,5
DA:24,4
DA:27,5
DA:28,3
DA:31,5
DA:34,2
DA:35,2
DA:42,2
DA:45,5
DA:46,2
DA:47,2
DA:50,5
DA:51,4
DA:52,4
DA:53,4
DA:54,4
DA:57,4
DA:60,4
DA:62,0
DA:63,0
DA:65,0
DA:66,0
DA:68,2
DA:69,2
DA:71,2
DA:72,2
DA:75,4
DA:79,4
DA:82,5
LF:38
LH:33
BRDA:16,0,0,0
BRDA:54,1,0,2
BRDA:54,1,1,2
BRDA:57,2,0,4
BRDA:57,2,1,2
BRDA:60,3,0,0
BRDA:60,3,1,0
BRDA:60,3,2,2
BRDA:60,3,3,2
BRF:9
BRH:6
end_of_record
TN:
SF:server/services/shipmentsService.ts
FN:6,findAll
FN:11,getOne
FN:17,createShipment
FN:25,updateShipment
FN:34,deleteShipment
FNF:5
FNH:1
FNDA:0,findAll
FNDA:0,getOne
FNDA:6,createShipment
FNDA:0,updateShipment
FNDA:0,deleteShipment
DA:1,5
DA:3,5
DA:7,0
DA:8,0
DA:12,0
DA:13,0
DA:14,0
DA:18,6
DA:21,6
DA:22,6
DA:26,0
DA:31,0
DA:35,0
DA:36,0
DA:39,5
LF:15
LH:6
BRF:0
BRH:0
end_of_record
TN:
SF:server/services/usersService.ts
FN:8,findAll
FN:13,getSingleUser
FN:19,createUser
FN:25,updateUser
FN:32,deleteUser
FN:37,signUp
FN:49,logIn
FN:75,googleLogin
FNF:8
FNH:5
FNDA:2,findAll
FNDA:3,getSingleUser
FNDA:11,createUser
FNDA:2,updateUser
FNDA:2,deleteUser
FNDA:0,signUp
FNDA:0,logIn
FNDA:0,googleLogin
DA:1,7
DA:2,7
DA:3,7
DA:4,7
DA:5,7
DA:9,2
DA:10,2
DA:14,3
DA:15,3
DA:16,3
DA:20,11
DA:21,11
DA:22,11
DA:26,2
DA:29,2
DA:33,2
DA:34,2
DA:38,0
DA:39,0
DA:40,0
DA:41,0
DA:42,0
DA:43,0
DA:45,0
DA:46,0
DA:50,0
DA:51,0
DA:52,0
DA:54,0
DA:55,0
DA:56,0
DA:58,0
DA:59,0
DA:60,0
DA:62,0
DA:68,0
DA:72,0
DA:76,0
DA:77,0
DA:78,0
DA:82,0
DA:85,0
DA:87,0
DA:90,7
LF:44
LH:18
BRDA:42,0,0,0
BRDA:51,1,0,0
BRDA:51,2,0,0
BRDA:51,2,1,0
BRDA:55,3,0,0
BRDA:59,4,0,0
BRDA:77,5,0,0
BRDA:77,6,0,0
BRDA:77,6,1,0
BRF:9
BRH:0
end_of_record
TN:
SF:server/test/db-helper.ts
FN:4,connect
FN:11,(anonymous_10)
FN:11,(anonymous_11)
FN:17,(anonymous_12)
FN:17,(anonymous_13)
FNF:5
FNH:5
FNDA:9,connect
FNDA:9,(anonymous_10)
FNDA:9,(anonymous_11)
FNDA:46,(anonymous_12)
FNDA:46,(anonymous_13)
DA:1,9
DA:2,9
DA:5,9
DA:6,9
DA:8,9
DA:10,9
DA:11,9
DA:12,9
DA:13,9
DA:15,9
DA:17,46
DA:18,46
DA:20,46
DA:21,223
DA:22,223
DA:28,9
LF:16
LH:16
BRF:0
BRH:0
end_of_record
